  SpaceInvaders.cpp
d:\projects\spaceinvaders\spaceinvaders\spaceinvaders.cpp(31): warning C4244: 'argument': conversion from 'time_t' to 'unsigned int', possible loss of data
d:\projects\spaceinvaders\spaceinvaders\spaceinvaders.cpp(34): error C2065: 'oponenty': undeclared identifier
d:\projects\spaceinvaders\spaceinvaders\spaceinvaders.cpp(35): error C2065: 'oponentx': undeclared identifier
d:\projects\spaceinvaders\spaceinvaders\spaceinvaders.cpp(39): error C2065: 'start': undeclared identifier
d:\projects\spaceinvaders\spaceinvaders\spaceinvaders.cpp(50): error C2065: 'map': undeclared identifier
d:\projects\spaceinvaders\spaceinvaders\spaceinvaders.cpp(51): error C2065: 'playerx': undeclared identifier
d:\projects\spaceinvaders\spaceinvaders\spaceinvaders.cpp(51): error C2065: 'playery': undeclared identifier
d:\projects\spaceinvaders\spaceinvaders\spaceinvaders.cpp(51): error C2065: 'map': undeclared identifier
d:\projects\spaceinvaders\spaceinvaders\spaceinvaders.cpp(52): error C2065: 'map': undeclared identifier
d:\projects\spaceinvaders\spaceinvaders\spaceinvaders.cpp(56): error C2065: 'map': undeclared identifier
d:\projects\spaceinvaders\spaceinvaders\spaceinvaders.cpp(61): error C2065: 'oponentx': undeclared identifier
d:\projects\spaceinvaders\spaceinvaders\spaceinvaders.cpp(61): error C2065: 'oponenty': undeclared identifier
d:\projects\spaceinvaders\spaceinvaders\spaceinvaders.cpp(61): error C2065: 'map': undeclared identifier
d:\projects\spaceinvaders\spaceinvaders\spaceinvaders.cpp(71): error C2065: 'map': undeclared identifier
d:\projects\spaceinvaders\spaceinvaders\spaceinvaders.cpp(72): error C2065: 'map': undeclared identifier
d:\projects\spaceinvaders\spaceinvaders\spaceinvaders.cpp(73): error C2065: 'map': undeclared identifier
d:\projects\spaceinvaders\spaceinvaders\spaceinvaders.cpp(74): error C2065: 'map': undeclared identifier
d:\projects\spaceinvaders\spaceinvaders\spaceinvaders.cpp(75): error C2065: 'map': undeclared identifier
d:\projects\spaceinvaders\spaceinvaders\spaceinvaders.cpp(79): error C2065: 'baza': undeclared identifier
d:\projects\spaceinvaders\spaceinvaders\spaceinvaders.cpp(80): error C2065: 'start': undeclared identifier
d:\projects\spaceinvaders\spaceinvaders\spaceinvaders.cpp(93): error C2065: 'playerx': undeclared identifier
d:\projects\spaceinvaders\spaceinvaders\spaceinvaders.cpp(95): error C2065: 'playerx': undeclared identifier
d:\projects\spaceinvaders\spaceinvaders\spaceinvaders.cpp(97): error C2065: 'shot': undeclared identifier
d:\projects\spaceinvaders\spaceinvaders\spaceinvaders.cpp(101): error C2065: 'playerx': undeclared identifier
d:\projects\spaceinvaders\spaceinvaders\spaceinvaders.cpp(102): error C2065: 'playerx': undeclared identifier
d:\projects\spaceinvaders\spaceinvaders\spaceinvaders.cpp(103): error C2065: 'playery': undeclared identifier
d:\projects\spaceinvaders\spaceinvaders\spaceinvaders.cpp(104): error C2065: 'playery': undeclared identifier
d:\projects\spaceinvaders\spaceinvaders\spaceinvaders.cpp(108): error C2065: 'shot': undeclared identifier
d:\projects\spaceinvaders\spaceinvaders\spaceinvaders.cpp(110): error C2065: 'playerx': undeclared identifier
d:\projects\spaceinvaders\spaceinvaders\spaceinvaders.cpp(111): error C2065: 'playery': undeclared identifier
d:\projects\spaceinvaders\spaceinvaders\spaceinvaders.cpp(122): error C2065: 'oponentx': undeclared identifier
d:\projects\spaceinvaders\spaceinvaders\spaceinvaders.cpp(122): error C2065: 'oponenty': undeclared identifier
d:\projects\spaceinvaders\spaceinvaders\spaceinvaders.cpp(125): error C2065: 'oponenty': undeclared identifier
d:\projects\spaceinvaders\spaceinvaders\spaceinvaders.cpp(126): error C2065: 'oponentx': undeclared identifier
d:\projects\spaceinvaders\spaceinvaders\spaceinvaders.cpp(135): error C2065: 'oponentx': undeclared identifier
d:\projects\spaceinvaders\spaceinvaders\spaceinvaders.cpp(135): error C2065: 'oponenty': undeclared identifier
d:\projects\spaceinvaders\spaceinvaders\spaceinvaders.cpp(139): error C2065: 'baza': undeclared identifier
d:\projects\spaceinvaders\spaceinvaders\spaceinvaders.cpp(139): error C2065: 'start': undeclared identifier
